<?xml version="1.0" encoding="UTF-8"?>
<!-- Generated by org.testng.reporters.JUnitReportReporter -->
<testsuite skipped="0" hostname="IN2196867W4" name="facebookreleated.FaceBooklogin" tests="3" failures="0" timestamp="2020-05-17T11:44:31 IST" time="55.307" errors="0">
  <testcase name="dataread" time="27.575" classname="facebookreleated.FaceBooklogin"/>
  <system-out/>
  <testcase name="dataread" time="14.398" classname="facebookreleated.FaceBooklogin"/>
  <system-out/>
  <testcase name="dataread" time="13.334" classname="facebookreleated.FaceBooklogin"/>
  <system-out/>
</testsuite> <!-- facebookreleated.FaceBooklogin -->
