<?xml version="1.0" encoding="UTF-8"?>
<!-- Generated by org.testng.reporters.JUnitReportReporter -->
<testsuite skipped="0" hostname="IN2196867W4" name="facebookreleated.FacebookLauch" tests="1" failures="0" timestamp="2020-05-17T11:44:31 IST" time="5.061" errors="0">
  <testcase name="loadtheurl" time="5.061" classname="facebookreleated.FacebookLauch"/>
  <system-out/>
</testsuite> <!-- facebookreleated.FacebookLauch -->
